{"/Users/user/Desktop/personalProject/quizApp/App.tsx": {"path":"/Users/user/Desktop/personalProject/quizApp/App.tsx","statementMap":{"0":{"start":{"line":7,"column":12},"end":{"line":15,"column":1}},"1":{"start":{"line":8,"column":2},"end":{"line":14,"column":4}},"2":{"start":{"line":19,"column":15},"end":{"line":23,"column":2}}},"fnMap":{"0":{"name":"(anonymous_0)","decl":{"start":{"line":7,"column":12},"end":{"line":7,"column":13}},"loc":{"start":{"line":7,"column":18},"end":{"line":15,"column":1}},"line":7}},"branchMap":{},"s":{"0":1,"1":1,"2":1},"f":{"0":1},"b":{},"_coverageSchema":"1a1c01bbd47fc00a2c39e90264f33305004495a9","hash":"ca903eed273ddab996b5a397b4e46e1de8705cc8"}
,"/Users/user/Desktop/personalProject/quizApp/src/Component/Button/MenuButton.tsx": {"path":"/Users/user/Desktop/personalProject/quizApp/src/Component/Button/MenuButton.tsx","statementMap":{"0":{"start":{"line":9,"column":52},"end":{"line":24,"column":1}},"1":{"start":{"line":10,"column":2},"end":{"line":16,"column":3}},"2":{"start":{"line":26,"column":15},"end":{"line":40,"column":2}}},"fnMap":{"0":{"name":"(anonymous_0)","decl":{"start":{"line":9,"column":52},"end":{"line":9,"column":53}},"loc":{"start":{"line":9,"column":76},"end":{"line":24,"column":1}},"line":9}},"branchMap":{},"s":{"0":4,"1":7,"2":4},"f":{"0":7},"b":{},"_coverageSchema":"1a1c01bbd47fc00a2c39e90264f33305004495a9","hash":"a9e12b377f02b4bbe9cdf489c082243688c7a312"}
,"/Users/user/Desktop/personalProject/quizApp/src/Containers/Main.tsx": {"path":"/Users/user/Desktop/personalProject/quizApp/src/Containers/Main.tsx","statementMap":{"0":{"start":{"line":6,"column":38},"end":{"line":13,"column":1}},"1":{"start":{"line":8,"column":2},"end":{"line":12,"column":4}},"2":{"start":{"line":10,"column":47},"end":{"line":10,"column":78}},"3":{"start":{"line":17,"column":15},"end":{"line":28,"column":2}}},"fnMap":{"0":{"name":"(anonymous_0)","decl":{"start":{"line":6,"column":38},"end":{"line":6,"column":39}},"loc":{"start":{"line":6,"column":61},"end":{"line":13,"column":1}},"line":6},"1":{"name":"(anonymous_1)","decl":{"start":{"line":10,"column":41},"end":{"line":10,"column":42}},"loc":{"start":{"line":10,"column":47},"end":{"line":10,"column":78}},"line":10}},"branchMap":{},"s":{"0":3,"1":5,"2":1,"3":3},"f":{"0":5,"1":1},"b":{},"_coverageSchema":"1a1c01bbd47fc00a2c39e90264f33305004495a9","hash":"0ece6b848450d65a906bdcdd1a4addcf3ee48b63"}
,"/Users/user/Desktop/personalProject/quizApp/src/Containers/Question.tsx": {"path":"/Users/user/Desktop/personalProject/quizApp/src/Containers/Question.tsx","statementMap":{"0":{"start":{"line":5,"column":42},"end":{"line":11,"column":1}},"1":{"start":{"line":6,"column":2},"end":{"line":10,"column":4}},"2":{"start":{"line":15,"column":15},"end":{"line":22,"column":2}}},"fnMap":{"0":{"name":"(anonymous_0)","decl":{"start":{"line":5,"column":42},"end":{"line":5,"column":43}},"loc":{"start":{"line":5,"column":65},"end":{"line":11,"column":1}},"line":5},"1":{"name":"(anonymous_1)","decl":{"start":{"line":8,"column":44},"end":{"line":8,"column":45}},"loc":{"start":{"line":8,"column":50},"end":{"line":8,"column":52}},"line":8}},"branchMap":{},"s":{"0":2,"1":1,"2":2},"f":{"0":1,"1":0},"b":{},"_coverageSchema":"1a1c01bbd47fc00a2c39e90264f33305004495a9","hash":"68a9c53c1c509c733223eabff7badf611e53025e"}
,"/Users/user/Desktop/personalProject/quizApp/src/Navigation/RootNavigator.tsx": {"path":"/Users/user/Desktop/personalProject/quizApp/src/Navigation/RootNavigator.tsx","statementMap":{"0":{"start":{"line":8,"column":14},"end":{"line":8,"column":36}},"1":{"start":{"line":10,"column":47},"end":{"line":18,"column":1}},"2":{"start":{"line":12,"column":2},"end":{"line":17,"column":3}}},"fnMap":{"0":{"name":"(anonymous_0)","decl":{"start":{"line":10,"column":47},"end":{"line":10,"column":48}},"loc":{"start":{"line":10,"column":53},"end":{"line":18,"column":1}},"line":10}},"branchMap":{},"s":{"0":2,"1":2,"2":3},"f":{"0":3},"b":{},"_coverageSchema":"1a1c01bbd47fc00a2c39e90264f33305004495a9","hash":"60a9167851f175103a7c39b48ea77dd3d6cf5240"}
,"/Users/user/Desktop/personalProject/quizApp/utils/fetchQuiz.ts": {"path":"/Users/user/Desktop/personalProject/quizApp/utils/fetchQuiz.ts","statementMap":{"0":{"start":{"line":17,"column":24},"end":{"line":17,"column":77}},"1":{"start":{"line":19,"column":25},"end":{"line":28,"column":1}},"2":{"start":{"line":20,"column":2},"end":{"line":26,"column":3}},"3":{"start":{"line":21,"column":4},"end":{"line":21,"column":36}},"4":{"start":{"line":23,"column":4},"end":{"line":25,"column":5}}},"fnMap":{"0":{"name":"(anonymous_0)","decl":{"start":{"line":19,"column":25},"end":{"line":19,"column":26}},"loc":{"start":{"line":19,"column":37},"end":{"line":28,"column":1}},"line":19}},"branchMap":{},"s":{"0":1,"1":1,"2":2,"3":2,"4":1},"f":{"0":2},"b":{},"_coverageSchema":"1a1c01bbd47fc00a2c39e90264f33305004495a9","hash":"df5f459279462eed208386aec90d911cfa9e57c2"}
}
