TN:
SF:App.tsx
FN:7,(anonymous_0)
FNF:1
FNH:1
FNDA:1,(anonymous_0)
DA:7,1
DA:8,1
DA:19,1
LF:3
LH:3
BRF:0
BRH:0
end_of_record
TN:
SF:src/Component/Button/MenuButton.tsx
FN:9,(anonymous_0)
FNF:1
FNH:1
FNDA:7,(anonymous_0)
DA:9,4
DA:10,7
DA:26,4
LF:3
LH:3
BRF:0
BRH:0
end_of_record
TN:
SF:src/Containers/Main.tsx
FN:6,(anonymous_0)
FN:10,(anonymous_1)
FNF:2
FNH:2
FNDA:5,(anonymous_0)
FNDA:1,(anonymous_1)
DA:6,3
DA:8,5
DA:10,1
DA:17,3
LF:4
LH:4
BRF:0
BRH:0
end_of_record
TN:
SF:src/Containers/Question.tsx
FN:5,(anonymous_0)
FN:8,(anonymous_1)
FNF:2
FNH:1
FNDA:1,(anonymous_0)
FNDA:0,(anonymous_1)
DA:5,2
DA:6,1
DA:15,2
LF:3
LH:3
BRF:0
BRH:0
end_of_record
TN:
SF:src/Navigation/RootNavigator.tsx
FN:10,(anonymous_0)
FNF:1
FNH:1
FNDA:3,(anonymous_0)
DA:8,2
DA:10,2
DA:12,3
LF:3
LH:3
BRF:0
BRH:0
end_of_record
TN:
SF:utils/fetchQuiz.ts
FN:19,(anonymous_0)
FNF:1
FNH:1
FNDA:2,(anonymous_0)
DA:17,1
DA:19,1
DA:20,2
DA:21,2
DA:23,1
LF:5
LH:5
BRF:0
BRH:0
end_of_record
